{
  "uid" : "2f17820dc0601a99",
  "name" : "Book a Flight row: \"1\"",
  "fullName" : "BookingFlight: Book a Flight row: \"1\"",
  "historyId" : "40d64309f5c4ad2c9d225fc8e8f5dc",
  "time" : {
    "start" : 1645737142304,
    "stop" : 1645737173314,
    "duration" : 31010
  },
  "status" : "broken",
  "statusMessage" : "Cannot locate an element using xpath=(//input[@class='css-g0pg3f-SearchboxInput'])[3]\nFor documentation on this error, please visit: https://www.seleniumhq.org/exceptions/no_such_element.html\nBuild info: version: '3.141.59', revision: 'e82be7d358', time: '2018-11-14T08:17:03'\nSystem info: host: 'Miloss-MacBook-Pro.local', ip: 'fe80:0:0:0:14f1:957e:a23a:2d34%en0', os.name: 'Mac OS X', os.arch: 'x86_64', os.version: '10.16', java.version: '1.8.0_202'\nDriver info: driver.version: RemoteWebDriver",
  "statusTrace" : "org.openqa.selenium.NoSuchElementException: Cannot locate an element using xpath=(//input[@class='css-g0pg3f-SearchboxInput'])[3]\nFor documentation on this error, please visit: https://www.seleniumhq.org/exceptions/no_such_element.html\nBuild info: version: '3.141.59', revision: 'e82be7d358', time: '2018-11-14T08:17:03'\nSystem info: host: 'Miloss-MacBook-Pro.local', ip: 'fe80:0:0:0:14f1:957e:a23a:2d34%en0', os.name: 'Mac OS X', os.arch: 'x86_64', os.version: '10.16', java.version: '1.8.0_202'\nDriver info: driver.version: RemoteWebDriver\n\tat org.openqa.selenium.remote.RemoteWebDriver.findElement(RemoteWebDriver.java:327)\n\tat org.openqa.selenium.remote.RemoteWebDriver.findElementByXPath(RemoteWebDriver.java:428)\n\tat org.openqa.selenium.By$ByXPath.findElement(By.java:353)\n\tat org.openqa.selenium.remote.RemoteWebDriver.findElement(RemoteWebDriver.java:315)\n\tat pages.FlightsPage.addDates(FlightsPage.java:76)\n\tat steps.BookingSteps.iAddDepartureDateAndReturnDate(BookingSteps.java:73)\n\tat ✽.I add departure date and return date(file:///Users/milosvajagic/IdeaProjects/BookingFlight/src/test/java/features/Booking.feature:10)\n",
  "flaky" : false,
  "newFailed" : false,
  "newBroken" : false,
  "newPassed" : false,
  "retriesCount" : 0,
  "retriesStatusChange" : false,
  "beforeStages" : [ {
    "name" : "steps.BookingSteps.setUp()",
    "time" : {
      "start" : 1645737142307,
      "stop" : 1645737144192,
      "duration" : 1885
    },
    "status" : "passed",
    "steps" : [ ],
    "attachments" : [ ],
    "parameters" : [ ],
    "hasContent" : false,
    "stepsCount" : 0,
    "attachmentsCount" : 0,
    "shouldDisplayMessage" : false
  } ],
  "testStage" : {
    "status" : "broken",
    "statusMessage" : "Cannot locate an element using xpath=(//input[@class='css-g0pg3f-SearchboxInput'])[3]\nFor documentation on this error, please visit: https://www.seleniumhq.org/exceptions/no_such_element.html\nBuild info: version: '3.141.59', revision: 'e82be7d358', time: '2018-11-14T08:17:03'\nSystem info: host: 'Miloss-MacBook-Pro.local', ip: 'fe80:0:0:0:14f1:957e:a23a:2d34%en0', os.name: 'Mac OS X', os.arch: 'x86_64', os.version: '10.16', java.version: '1.8.0_202'\nDriver info: driver.version: RemoteWebDriver",
    "statusTrace" : "org.openqa.selenium.NoSuchElementException: Cannot locate an element using xpath=(//input[@class='css-g0pg3f-SearchboxInput'])[3]\nFor documentation on this error, please visit: https://www.seleniumhq.org/exceptions/no_such_element.html\nBuild info: version: '3.141.59', revision: 'e82be7d358', time: '2018-11-14T08:17:03'\nSystem info: host: 'Miloss-MacBook-Pro.local', ip: 'fe80:0:0:0:14f1:957e:a23a:2d34%en0', os.name: 'Mac OS X', os.arch: 'x86_64', os.version: '10.16', java.version: '1.8.0_202'\nDriver info: driver.version: RemoteWebDriver\n\tat org.openqa.selenium.remote.RemoteWebDriver.findElement(RemoteWebDriver.java:327)\n\tat org.openqa.selenium.remote.RemoteWebDriver.findElementByXPath(RemoteWebDriver.java:428)\n\tat org.openqa.selenium.By$ByXPath.findElement(By.java:353)\n\tat org.openqa.selenium.remote.RemoteWebDriver.findElement(RemoteWebDriver.java:315)\n\tat pages.FlightsPage.addDates(FlightsPage.java:76)\n\tat steps.BookingSteps.iAddDepartureDateAndReturnDate(BookingSteps.java:73)\n\tat ✽.I add departure date and return date(file:///Users/milosvajagic/IdeaProjects/BookingFlight/src/test/java/features/Booking.feature:10)\n",
    "steps" : [ {
      "name" : "Given  I load test data from \"BookingFlight\" \"BookingSheetFlight\" \"1\"",
      "time" : {
        "start" : 1645737144203,
        "stop" : 1645737144683,
        "duration" : 480
      },
      "status" : "passed",
      "steps" : [ ],
      "attachments" : [ ],
      "parameters" : [ ],
      "hasContent" : false,
      "stepsCount" : 0,
      "attachmentsCount" : 0,
      "shouldDisplayMessage" : false
    }, {
      "name" : "And  I navigate to Booking",
      "time" : {
        "start" : 1645737144684,
        "stop" : 1645737147397,
        "duration" : 2713
      },
      "status" : "passed",
      "steps" : [ ],
      "attachments" : [ ],
      "parameters" : [ ],
      "hasContent" : false,
      "stepsCount" : 0,
      "attachmentsCount" : 0,
      "shouldDisplayMessage" : false
    }, {
      "name" : "And  I click on Flights",
      "time" : {
        "start" : 1645737147397,
        "stop" : 1645737149954,
        "duration" : 2557
      },
      "status" : "passed",
      "steps" : [ ],
      "attachments" : [ ],
      "parameters" : [ ],
      "hasContent" : false,
      "stepsCount" : 0,
      "attachmentsCount" : 0,
      "shouldDisplayMessage" : false
    }, {
      "name" : "When  I add starting point",
      "time" : {
        "start" : 1645737149954,
        "stop" : 1645737151535,
        "duration" : 1581
      },
      "status" : "passed",
      "steps" : [ ],
      "attachments" : [ ],
      "parameters" : [ ],
      "hasContent" : false,
      "stepsCount" : 0,
      "attachmentsCount" : 0,
      "shouldDisplayMessage" : false
    }, {
      "name" : "And  I add ending point",
      "time" : {
        "start" : 1645737151535,
        "stop" : 1645737153010,
        "duration" : 1475
      },
      "status" : "passed",
      "steps" : [ ],
      "attachments" : [ ],
      "parameters" : [ ],
      "hasContent" : false,
      "stepsCount" : 0,
      "attachmentsCount" : 0,
      "shouldDisplayMessage" : false
    }, {
      "name" : "And  I add departure date and return date",
      "time" : {
        "start" : 1645737153011,
        "stop" : 1645737172297,
        "duration" : 19286
      },
      "status" : "broken",
      "statusMessage" : "Cannot locate an element using xpath=(//input[@class='css-g0pg3f-SearchboxInput'])[3]\nFor documentation on this error, please visit: https://www.seleniumhq.org/exceptions/no_such_element.html\nBuild info: version: '3.141.59', revision: 'e82be7d358', time: '2018-11-14T08:17:03'\nSystem info: host: 'Miloss-MacBook-Pro.local', ip: 'fe80:0:0:0:14f1:957e:a23a:2d34%en0', os.name: 'Mac OS X', os.arch: 'x86_64', os.version: '10.16', java.version: '1.8.0_202'\nDriver info: driver.version: RemoteWebDriver",
      "statusTrace" : "org.openqa.selenium.NoSuchElementException: Cannot locate an element using xpath=(//input[@class='css-g0pg3f-SearchboxInput'])[3]\nFor documentation on this error, please visit: https://www.seleniumhq.org/exceptions/no_such_element.html\nBuild info: version: '3.141.59', revision: 'e82be7d358', time: '2018-11-14T08:17:03'\nSystem info: host: 'Miloss-MacBook-Pro.local', ip: 'fe80:0:0:0:14f1:957e:a23a:2d34%en0', os.name: 'Mac OS X', os.arch: 'x86_64', os.version: '10.16', java.version: '1.8.0_202'\nDriver info: driver.version: RemoteWebDriver\n\tat org.openqa.selenium.remote.RemoteWebDriver.findElement(RemoteWebDriver.java:327)\n\tat org.openqa.selenium.remote.RemoteWebDriver.findElementByXPath(RemoteWebDriver.java:428)\n\tat org.openqa.selenium.By$ByXPath.findElement(By.java:353)\n\tat org.openqa.selenium.remote.RemoteWebDriver.findElement(RemoteWebDriver.java:315)\n\tat pages.FlightsPage.addDates(FlightsPage.java:76)\n\tat steps.BookingSteps.iAddDepartureDateAndReturnDate(BookingSteps.java:73)\n\tat ✽.I add departure date and return date(file:///Users/milosvajagic/IdeaProjects/BookingFlight/src/test/java/features/Booking.feature:10)\n",
      "steps" : [ ],
      "attachments" : [ ],
      "parameters" : [ ],
      "hasContent" : true,
      "stepsCount" : 0,
      "attachmentsCount" : 0,
      "shouldDisplayMessage" : true
    }, {
      "name" : "And  I click search",
      "time" : {
        "start" : 1645737172298,
        "stop" : 1645737172298,
        "duration" : 0
      },
      "status" : "skipped",
      "steps" : [ ],
      "attachments" : [ ],
      "parameters" : [ ],
      "hasContent" : false,
      "stepsCount" : 0,
      "attachmentsCount" : 0,
      "shouldDisplayMessage" : false
    } ],
    "attachments" : [ ],
    "parameters" : [ ],
    "hasContent" : true,
    "stepsCount" : 7,
    "attachmentsCount" : 0,
    "shouldDisplayMessage" : false
  },
  "afterStages" : [ {
    "name" : "steps.BookingSteps.tearDown()",
    "time" : {
      "start" : 1645737172299,
      "stop" : 1645737173312,
      "duration" : 1013
    },
    "status" : "broken",
    "statusMessage" : "AFTER is failed: no such window: target window already closed\nfrom unknown error: web view not found\n  (Session info: chrome=98.0.4758.109)\nBuild info: version: '3.141.59', revision: 'e82be7d358', time: '2018-11-14T08:17:03'\nSystem info: host: 'Miloss-MacBook-Pro.local', ip: 'fe80:0:0:0:14f1:957e:a23a:2d34%en0', os.name: 'Mac OS X', os.arch: 'x86_64', os.version: '10.16', java.version: '1.8.0_202'\nDriver info: org.openqa.selenium.chrome.ChromeDriver\nCapabilities {acceptInsecureCerts: false, browserName: chrome, browserVersion: 98.0.4758.109, chrome: {chromedriverVersion: 97.0.4692.71 (adefa7837d02a..., userDataDir: /var/folders/8n/b96nx949463...}, goog:chromeOptions: {debuggerAddress: localhost:49730}, javascriptEnabled: true, networkConnectionEnabled: false, pageLoadStrategy: normal, platform: MAC, platformName: MAC, proxy: Proxy(), setWindowRect: true, strictFileInteractability: false, timeouts: {implicit: 0, pageLoad: 300000, script: 30000}, unhandledPromptBehavior: dismiss and notify, webauthn:extension:credBlob: true, webauthn:extension:largeBlob: true, webauthn:virtualAuthenticators: true}\nSession ID: d09832e69fcb125f1e9694ca3c86e9c7",
    "statusTrace" : "org.openqa.selenium.NoSuchWindowException: no such window: target window already closed\nfrom unknown error: web view not found\n  (Session info: chrome=98.0.4758.109)\nBuild info: version: '3.141.59', revision: 'e82be7d358', time: '2018-11-14T08:17:03'\nSystem info: host: 'Miloss-MacBook-Pro.local', ip: 'fe80:0:0:0:14f1:957e:a23a:2d34%en0', os.name: 'Mac OS X', os.arch: 'x86_64', os.version: '10.16', java.version: '1.8.0_202'\nDriver info: org.openqa.selenium.chrome.ChromeDriver\nCapabilities {acceptInsecureCerts: false, browserName: chrome, browserVersion: 98.0.4758.109, chrome: {chromedriverVersion: 97.0.4692.71 (adefa7837d02a..., userDataDir: /var/folders/8n/b96nx949463...}, goog:chromeOptions: {debuggerAddress: localhost:49730}, javascriptEnabled: true, networkConnectionEnabled: false, pageLoadStrategy: normal, platform: MAC, platformName: MAC, proxy: Proxy(), setWindowRect: true, strictFileInteractability: false, timeouts: {implicit: 0, pageLoad: 300000, script: 30000}, unhandledPromptBehavior: dismiss and notify, webauthn:extension:credBlob: true, webauthn:extension:largeBlob: true, webauthn:virtualAuthenticators: true}\nSession ID: d09832e69fcb125f1e9694ca3c86e9c7\n\tat sun.reflect.NativeConstructorAccessorImpl.newInstance0(Native Method)\n\tat sun.reflect.NativeConstructorAccessorImpl.newInstance(NativeConstructorAccessorImpl.java:62)\n\tat sun.reflect.DelegatingConstructorAccessorImpl.newInstance(DelegatingConstructorAccessorImpl.java:45)\n\tat java.lang.reflect.Constructor.newInstance(Constructor.java:423)\n\tat org.openqa.selenium.remote.http.W3CHttpResponseCodec.createException(W3CHttpResponseCodec.java:187)\n\tat org.openqa.selenium.remote.http.W3CHttpResponseCodec.decode(W3CHttpResponseCodec.java:122)\n\tat org.openqa.selenium.remote.http.W3CHttpResponseCodec.decode(W3CHttpResponseCodec.java:49)\n\tat org.openqa.selenium.remote.HttpCommandExecutor.execute(HttpCommandExecutor.java:158)\n\tat org.openqa.selenium.remote.service.DriverCommandExecutor.execute(DriverCommandExecutor.java:83)\n\tat org.openqa.selenium.remote.RemoteWebDriver.execute(RemoteWebDriver.java:552)\n\tat org.openqa.selenium.remote.RemoteWebDriver.execute(RemoteWebDriver.java:609)\n\tat org.openqa.selenium.remote.RemoteWebDriver.getScreenshotAs(RemoteWebDriver.java:295)\n\tat tests.BaseTest.takeScreenshot(BaseTest.java:35)\n\tat tests.BaseTest.reportScreenshot(BaseTest.java:40)\n\tat steps.BookingSteps.tearDown(BookingSteps.java:33)\n",
    "steps" : [ ],
    "attachments" : [ ],
    "parameters" : [ ],
    "hasContent" : true,
    "stepsCount" : 0,
    "attachmentsCount" : 0,
    "shouldDisplayMessage" : true
  } ],
  "labels" : [ {
    "name" : "host",
    "value" : "Miloss-MacBook-Pro.local"
  }, {
    "name" : "thread",
    "value" : "5137@Miloss-MacBook-Pro.local.TestNG-PoolService-0(13)"
  }, {
    "name" : "feature",
    "value" : "BookingFlight"
  }, {
    "name" : "story",
    "value" : "Book a Flight row: \"1\""
  }, {
    "name" : "suite",
    "value" : "BookingFlight"
  }, {
    "name" : "testClass",
    "value" : "Book a Flight row: \"1\""
  }, {
    "name" : "framework",
    "value" : "cucumber4jvm"
  }, {
    "name" : "language",
    "value" : "java"
  }, {
    "name" : "gherkin_uri",
    "value" : "file:///Users/milosvajagic/IdeaProjects/BookingFlight/src/test/java/features/Booking.feature"
  }, {
    "name" : "package",
    "value" : "src.test.java.features.Booking_feature.BookingFlight"
  }, {
    "name" : "resultFormat",
    "value" : "allure2"
  } ],
  "parameters" : [ {
    "name" : "row",
    "value" : "1"
  } ],
  "links" : [ ],
  "hidden" : true,
  "retry" : true,
  "extra" : {
    "categories" : [ ],
    "tags" : [ ]
  },
  "source" : "2f17820dc0601a99.json",
  "parameterValues" : [ "1" ]
}