{
  "uid" : "894647e03e9a7b06",
  "name" : "Book a Flight row: \"1\"",
  "fullName" : "BookingFlight: Book a Flight row: \"1\"",
  "historyId" : "1a084a7c26e098fcc3a61c5344b667a7",
  "time" : {
    "start" : 1645907677473,
    "stop" : 1645907694949,
    "duration" : 17476
  },
  "status" : "broken",
  "statusMessage" : "invalid selector: Unable to locate an element with the xpath expression #__bui-65 because of the following error:\nSyntaxError: Failed to execute 'evaluate' on 'Document': The string '#__bui-65' is not a valid XPath expression.\n  (Session info: chrome=98.0.4758.109)\nFor documentation on this error, please visit: https://www.seleniumhq.org/exceptions/invalid_selector_exception.html\nBuild info: version: '3.141.59', revision: 'e82be7d358', time: '2018-11-14T08:17:03'\nSystem info: host: 'Miloss-MacBook-Pro.local', ip: 'fe80:0:0:0:10f4:77dc:df6:6237%en0', os.name: 'Mac OS X', os.arch: 'x86_64', os.version: '10.16', java.version: '1.8.0_202'\nDriver info: org.openqa.selenium.chrome.ChromeDriver\nCapabilities {acceptInsecureCerts: false, browserName: chrome, browserVersion: 98.0.4758.109, chrome: {chromedriverVersion: 97.0.4692.71 (adefa7837d02a..., userDataDir: /var/folders/8n/b96nx949463...}, goog:chromeOptions: {debuggerAddress: localhost:55609}, javascriptEnabled: true, networkConnectionEnabled: false, pageLoadStrategy: normal, platform: MAC, platformName: MAC, proxy: Proxy(), setWindowRect: true, strictFileInteractability: false, timeouts: {implicit: 0, pageLoad: 300000, script: 30000}, unhandledPromptBehavior: dismiss and notify, webauthn:extension:credBlob: true, webauthn:extension:largeBlob: true, webauthn:virtualAuthenticators: true}\nSession ID: dd22d69a1294ea9ed09aed755c87bd29\n*** Element info: {Using=xpath, value=#__bui-65}",
  "statusTrace" : "org.openqa.selenium.InvalidSelectorException: invalid selector: Unable to locate an element with the xpath expression #__bui-65 because of the following error:\nSyntaxError: Failed to execute 'evaluate' on 'Document': The string '#__bui-65' is not a valid XPath expression.\n  (Session info: chrome=98.0.4758.109)\nFor documentation on this error, please visit: https://www.seleniumhq.org/exceptions/invalid_selector_exception.html\nBuild info: version: '3.141.59', revision: 'e82be7d358', time: '2018-11-14T08:17:03'\nSystem info: host: 'Miloss-MacBook-Pro.local', ip: 'fe80:0:0:0:10f4:77dc:df6:6237%en0', os.name: 'Mac OS X', os.arch: 'x86_64', os.version: '10.16', java.version: '1.8.0_202'\nDriver info: org.openqa.selenium.chrome.ChromeDriver\nCapabilities {acceptInsecureCerts: false, browserName: chrome, browserVersion: 98.0.4758.109, chrome: {chromedriverVersion: 97.0.4692.71 (adefa7837d02a..., userDataDir: /var/folders/8n/b96nx949463...}, goog:chromeOptions: {debuggerAddress: localhost:55609}, javascriptEnabled: true, networkConnectionEnabled: false, pageLoadStrategy: normal, platform: MAC, platformName: MAC, proxy: Proxy(), setWindowRect: true, strictFileInteractability: false, timeouts: {implicit: 0, pageLoad: 300000, script: 30000}, unhandledPromptBehavior: dismiss and notify, webauthn:extension:credBlob: true, webauthn:extension:largeBlob: true, webauthn:virtualAuthenticators: true}\nSession ID: dd22d69a1294ea9ed09aed755c87bd29\n*** Element info: {Using=xpath, value=#__bui-65}\n\tat sun.reflect.NativeConstructorAccessorImpl.newInstance0(Native Method)\n\tat sun.reflect.NativeConstructorAccessorImpl.newInstance(NativeConstructorAccessorImpl.java:62)\n\tat sun.reflect.DelegatingConstructorAccessorImpl.newInstance(DelegatingConstructorAccessorImpl.java:45)\n\tat java.lang.reflect.Constructor.newInstance(Constructor.java:423)\n\tat org.openqa.selenium.remote.http.W3CHttpResponseCodec.createException(W3CHttpResponseCodec.java:187)\n\tat org.openqa.selenium.remote.http.W3CHttpResponseCodec.decode(W3CHttpResponseCodec.java:122)\n\tat org.openqa.selenium.remote.http.W3CHttpResponseCodec.decode(W3CHttpResponseCodec.java:49)\n\tat org.openqa.selenium.remote.HttpCommandExecutor.execute(HttpCommandExecutor.java:158)\n\tat org.openqa.selenium.remote.service.DriverCommandExecutor.execute(DriverCommandExecutor.java:83)\n\tat org.openqa.selenium.remote.RemoteWebDriver.execute(RemoteWebDriver.java:552)\n\tat org.openqa.selenium.remote.RemoteWebDriver.findElement(RemoteWebDriver.java:323)\n\tat org.openqa.selenium.remote.RemoteWebDriver.findElementByXPath(RemoteWebDriver.java:428)\n\tat org.openqa.selenium.By$ByXPath.findElement(By.java:353)\n\tat org.openqa.selenium.remote.RemoteWebDriver.findElement(RemoteWebDriver.java:315)\n\tat pages.FlightsPage.enterContactDetails(FlightsPage.java:140)\n\tat steps.BookingSteps.iPopulateContactDetails(BookingSteps.java:117)\n\tat ✽.I populate Contact Details(file:///Users/milosvajagic/IdeaProjects/BookingFlight/src/test/java/features/Booking.feature:17)\n",
  "flaky" : false,
  "newFailed" : false,
  "newBroken" : false,
  "newPassed" : false,
  "retriesCount" : 0,
  "retriesStatusChange" : false,
  "beforeStages" : [ {
    "name" : "steps.BookingSteps.setUp()",
    "time" : {
      "start" : 1645907677477,
      "stop" : 1645907679239,
      "duration" : 1762
    },
    "status" : "passed",
    "steps" : [ ],
    "attachments" : [ ],
    "parameters" : [ ],
    "hasContent" : false,
    "stepsCount" : 0,
    "attachmentsCount" : 0,
    "shouldDisplayMessage" : false
  } ],
  "testStage" : {
    "status" : "broken",
    "statusMessage" : "invalid selector: Unable to locate an element with the xpath expression #__bui-65 because of the following error:\nSyntaxError: Failed to execute 'evaluate' on 'Document': The string '#__bui-65' is not a valid XPath expression.\n  (Session info: chrome=98.0.4758.109)\nFor documentation on this error, please visit: https://www.seleniumhq.org/exceptions/invalid_selector_exception.html\nBuild info: version: '3.141.59', revision: 'e82be7d358', time: '2018-11-14T08:17:03'\nSystem info: host: 'Miloss-MacBook-Pro.local', ip: 'fe80:0:0:0:10f4:77dc:df6:6237%en0', os.name: 'Mac OS X', os.arch: 'x86_64', os.version: '10.16', java.version: '1.8.0_202'\nDriver info: org.openqa.selenium.chrome.ChromeDriver\nCapabilities {acceptInsecureCerts: false, browserName: chrome, browserVersion: 98.0.4758.109, chrome: {chromedriverVersion: 97.0.4692.71 (adefa7837d02a..., userDataDir: /var/folders/8n/b96nx949463...}, goog:chromeOptions: {debuggerAddress: localhost:55609}, javascriptEnabled: true, networkConnectionEnabled: false, pageLoadStrategy: normal, platform: MAC, platformName: MAC, proxy: Proxy(), setWindowRect: true, strictFileInteractability: false, timeouts: {implicit: 0, pageLoad: 300000, script: 30000}, unhandledPromptBehavior: dismiss and notify, webauthn:extension:credBlob: true, webauthn:extension:largeBlob: true, webauthn:virtualAuthenticators: true}\nSession ID: dd22d69a1294ea9ed09aed755c87bd29\n*** Element info: {Using=xpath, value=#__bui-65}",
    "statusTrace" : "org.openqa.selenium.InvalidSelectorException: invalid selector: Unable to locate an element with the xpath expression #__bui-65 because of the following error:\nSyntaxError: Failed to execute 'evaluate' on 'Document': The string '#__bui-65' is not a valid XPath expression.\n  (Session info: chrome=98.0.4758.109)\nFor documentation on this error, please visit: https://www.seleniumhq.org/exceptions/invalid_selector_exception.html\nBuild info: version: '3.141.59', revision: 'e82be7d358', time: '2018-11-14T08:17:03'\nSystem info: host: 'Miloss-MacBook-Pro.local', ip: 'fe80:0:0:0:10f4:77dc:df6:6237%en0', os.name: 'Mac OS X', os.arch: 'x86_64', os.version: '10.16', java.version: '1.8.0_202'\nDriver info: org.openqa.selenium.chrome.ChromeDriver\nCapabilities {acceptInsecureCerts: false, browserName: chrome, browserVersion: 98.0.4758.109, chrome: {chromedriverVersion: 97.0.4692.71 (adefa7837d02a..., userDataDir: /var/folders/8n/b96nx949463...}, goog:chromeOptions: {debuggerAddress: localhost:55609}, javascriptEnabled: true, networkConnectionEnabled: false, pageLoadStrategy: normal, platform: MAC, platformName: MAC, proxy: Proxy(), setWindowRect: true, strictFileInteractability: false, timeouts: {implicit: 0, pageLoad: 300000, script: 30000}, unhandledPromptBehavior: dismiss and notify, webauthn:extension:credBlob: true, webauthn:extension:largeBlob: true, webauthn:virtualAuthenticators: true}\nSession ID: dd22d69a1294ea9ed09aed755c87bd29\n*** Element info: {Using=xpath, value=#__bui-65}\n\tat sun.reflect.NativeConstructorAccessorImpl.newInstance0(Native Method)\n\tat sun.reflect.NativeConstructorAccessorImpl.newInstance(NativeConstructorAccessorImpl.java:62)\n\tat sun.reflect.DelegatingConstructorAccessorImpl.newInstance(DelegatingConstructorAccessorImpl.java:45)\n\tat java.lang.reflect.Constructor.newInstance(Constructor.java:423)\n\tat org.openqa.selenium.remote.http.W3CHttpResponseCodec.createException(W3CHttpResponseCodec.java:187)\n\tat org.openqa.selenium.remote.http.W3CHttpResponseCodec.decode(W3CHttpResponseCodec.java:122)\n\tat org.openqa.selenium.remote.http.W3CHttpResponseCodec.decode(W3CHttpResponseCodec.java:49)\n\tat org.openqa.selenium.remote.HttpCommandExecutor.execute(HttpCommandExecutor.java:158)\n\tat org.openqa.selenium.remote.service.DriverCommandExecutor.execute(DriverCommandExecutor.java:83)\n\tat org.openqa.selenium.remote.RemoteWebDriver.execute(RemoteWebDriver.java:552)\n\tat org.openqa.selenium.remote.RemoteWebDriver.findElement(RemoteWebDriver.java:323)\n\tat org.openqa.selenium.remote.RemoteWebDriver.findElementByXPath(RemoteWebDriver.java:428)\n\tat org.openqa.selenium.By$ByXPath.findElement(By.java:353)\n\tat org.openqa.selenium.remote.RemoteWebDriver.findElement(RemoteWebDriver.java:315)\n\tat pages.FlightsPage.enterContactDetails(FlightsPage.java:140)\n\tat steps.BookingSteps.iPopulateContactDetails(BookingSteps.java:117)\n\tat ✽.I populate Contact Details(file:///Users/milosvajagic/IdeaProjects/BookingFlight/src/test/java/features/Booking.feature:17)\n",
    "steps" : [ {
      "name" : "Given  I load test data from \"BookingFlight\" \"BookingSheetFlight\" \"1\"",
      "time" : {
        "start" : 1645907679250,
        "stop" : 1645907679596,
        "duration" : 346
      },
      "status" : "passed",
      "steps" : [ ],
      "attachments" : [ ],
      "parameters" : [ ],
      "hasContent" : false,
      "stepsCount" : 0,
      "attachmentsCount" : 0,
      "shouldDisplayMessage" : false
    }, {
      "name" : "And  I navigate to Booking",
      "time" : {
        "start" : 1645907679596,
        "stop" : 1645907681530,
        "duration" : 1934
      },
      "status" : "passed",
      "steps" : [ ],
      "attachments" : [ ],
      "parameters" : [ ],
      "hasContent" : false,
      "stepsCount" : 0,
      "attachmentsCount" : 0,
      "shouldDisplayMessage" : false
    }, {
      "name" : "And  I click on Flights",
      "time" : {
        "start" : 1645907681531,
        "stop" : 1645907683646,
        "duration" : 2115
      },
      "status" : "passed",
      "steps" : [ ],
      "attachments" : [ ],
      "parameters" : [ ],
      "hasContent" : false,
      "stepsCount" : 0,
      "attachmentsCount" : 0,
      "shouldDisplayMessage" : false
    }, {
      "name" : "When  I add starting point",
      "time" : {
        "start" : 1645907683646,
        "stop" : 1645907685219,
        "duration" : 1573
      },
      "status" : "passed",
      "steps" : [ ],
      "attachments" : [ ],
      "parameters" : [ ],
      "hasContent" : false,
      "stepsCount" : 0,
      "attachmentsCount" : 0,
      "shouldDisplayMessage" : false
    }, {
      "name" : "And  I add ending point",
      "time" : {
        "start" : 1645907685219,
        "stop" : 1645907686630,
        "duration" : 1411
      },
      "status" : "passed",
      "steps" : [ ],
      "attachments" : [ ],
      "parameters" : [ ],
      "hasContent" : false,
      "stepsCount" : 0,
      "attachmentsCount" : 0,
      "shouldDisplayMessage" : false
    }, {
      "name" : "And  I add departure date and return date",
      "time" : {
        "start" : 1645907686630,
        "stop" : 1645907687834,
        "duration" : 1204
      },
      "status" : "passed",
      "steps" : [ ],
      "attachments" : [ ],
      "parameters" : [ ],
      "hasContent" : false,
      "stepsCount" : 0,
      "attachmentsCount" : 0,
      "shouldDisplayMessage" : false
    }, {
      "name" : "And  I click search",
      "time" : {
        "start" : 1645907687835,
        "stop" : 1645907688620,
        "duration" : 785
      },
      "status" : "passed",
      "steps" : [ ],
      "attachments" : [ ],
      "parameters" : [ ],
      "hasContent" : false,
      "stepsCount" : 0,
      "attachmentsCount" : 0,
      "shouldDisplayMessage" : false
    }, {
      "name" : "When  I change first stop filter",
      "time" : {
        "start" : 1645907688620,
        "stop" : 1645907689636,
        "duration" : 1016
      },
      "status" : "passed",
      "steps" : [ ],
      "attachments" : [ ],
      "parameters" : [ ],
      "hasContent" : false,
      "stepsCount" : 0,
      "attachmentsCount" : 0,
      "shouldDisplayMessage" : false
    }, {
      "name" : "And  I select departs time",
      "time" : {
        "start" : 1645907689636,
        "stop" : 1645907689912,
        "duration" : 276
      },
      "status" : "passed",
      "steps" : [ ],
      "attachments" : [ ],
      "parameters" : [ ],
      "hasContent" : false,
      "stepsCount" : 0,
      "attachmentsCount" : 0,
      "shouldDisplayMessage" : false
    }, {
      "name" : "And  I click on See flight button",
      "time" : {
        "start" : 1645907689912,
        "stop" : 1645907690498,
        "duration" : 586
      },
      "status" : "passed",
      "steps" : [ ],
      "attachments" : [ ],
      "parameters" : [ ],
      "hasContent" : false,
      "stepsCount" : 0,
      "attachmentsCount" : 0,
      "shouldDisplayMessage" : false
    }, {
      "name" : "And  I click on Select button",
      "time" : {
        "start" : 1645907690499,
        "stop" : 1645907690868,
        "duration" : 369
      },
      "status" : "passed",
      "steps" : [ ],
      "attachments" : [ ],
      "parameters" : [ ],
      "hasContent" : false,
      "stepsCount" : 0,
      "attachmentsCount" : 0,
      "shouldDisplayMessage" : false
    }, {
      "name" : "When  I click Next button",
      "time" : {
        "start" : 1645907690868,
        "stop" : 1645907692241,
        "duration" : 1373
      },
      "status" : "passed",
      "steps" : [ ],
      "attachments" : [ ],
      "parameters" : [ ],
      "hasContent" : false,
      "stepsCount" : 0,
      "attachmentsCount" : 0,
      "shouldDisplayMessage" : false
    }, {
      "name" : "Then  I populate Contact Details",
      "time" : {
        "start" : 1645907692242,
        "stop" : 1645907693792,
        "duration" : 1550
      },
      "status" : "broken",
      "statusMessage" : "invalid selector: Unable to locate an element with the xpath expression #__bui-65 because of the following error:\nSyntaxError: Failed to execute 'evaluate' on 'Document': The string '#__bui-65' is not a valid XPath expression.\n  (Session info: chrome=98.0.4758.109)\nFor documentation on this error, please visit: https://www.seleniumhq.org/exceptions/invalid_selector_exception.html\nBuild info: version: '3.141.59', revision: 'e82be7d358', time: '2018-11-14T08:17:03'\nSystem info: host: 'Miloss-MacBook-Pro.local', ip: 'fe80:0:0:0:10f4:77dc:df6:6237%en0', os.name: 'Mac OS X', os.arch: 'x86_64', os.version: '10.16', java.version: '1.8.0_202'\nDriver info: org.openqa.selenium.chrome.ChromeDriver\nCapabilities {acceptInsecureCerts: false, browserName: chrome, browserVersion: 98.0.4758.109, chrome: {chromedriverVersion: 97.0.4692.71 (adefa7837d02a..., userDataDir: /var/folders/8n/b96nx949463...}, goog:chromeOptions: {debuggerAddress: localhost:55609}, javascriptEnabled: true, networkConnectionEnabled: false, pageLoadStrategy: normal, platform: MAC, platformName: MAC, proxy: Proxy(), setWindowRect: true, strictFileInteractability: false, timeouts: {implicit: 0, pageLoad: 300000, script: 30000}, unhandledPromptBehavior: dismiss and notify, webauthn:extension:credBlob: true, webauthn:extension:largeBlob: true, webauthn:virtualAuthenticators: true}\nSession ID: dd22d69a1294ea9ed09aed755c87bd29\n*** Element info: {Using=xpath, value=#__bui-65}",
      "statusTrace" : "org.openqa.selenium.InvalidSelectorException: invalid selector: Unable to locate an element with the xpath expression #__bui-65 because of the following error:\nSyntaxError: Failed to execute 'evaluate' on 'Document': The string '#__bui-65' is not a valid XPath expression.\n  (Session info: chrome=98.0.4758.109)\nFor documentation on this error, please visit: https://www.seleniumhq.org/exceptions/invalid_selector_exception.html\nBuild info: version: '3.141.59', revision: 'e82be7d358', time: '2018-11-14T08:17:03'\nSystem info: host: 'Miloss-MacBook-Pro.local', ip: 'fe80:0:0:0:10f4:77dc:df6:6237%en0', os.name: 'Mac OS X', os.arch: 'x86_64', os.version: '10.16', java.version: '1.8.0_202'\nDriver info: org.openqa.selenium.chrome.ChromeDriver\nCapabilities {acceptInsecureCerts: false, browserName: chrome, browserVersion: 98.0.4758.109, chrome: {chromedriverVersion: 97.0.4692.71 (adefa7837d02a..., userDataDir: /var/folders/8n/b96nx949463...}, goog:chromeOptions: {debuggerAddress: localhost:55609}, javascriptEnabled: true, networkConnectionEnabled: false, pageLoadStrategy: normal, platform: MAC, platformName: MAC, proxy: Proxy(), setWindowRect: true, strictFileInteractability: false, timeouts: {implicit: 0, pageLoad: 300000, script: 30000}, unhandledPromptBehavior: dismiss and notify, webauthn:extension:credBlob: true, webauthn:extension:largeBlob: true, webauthn:virtualAuthenticators: true}\nSession ID: dd22d69a1294ea9ed09aed755c87bd29\n*** Element info: {Using=xpath, value=#__bui-65}\n\tat sun.reflect.NativeConstructorAccessorImpl.newInstance0(Native Method)\n\tat sun.reflect.NativeConstructorAccessorImpl.newInstance(NativeConstructorAccessorImpl.java:62)\n\tat sun.reflect.DelegatingConstructorAccessorImpl.newInstance(DelegatingConstructorAccessorImpl.java:45)\n\tat java.lang.reflect.Constructor.newInstance(Constructor.java:423)\n\tat org.openqa.selenium.remote.http.W3CHttpResponseCodec.createException(W3CHttpResponseCodec.java:187)\n\tat org.openqa.selenium.remote.http.W3CHttpResponseCodec.decode(W3CHttpResponseCodec.java:122)\n\tat org.openqa.selenium.remote.http.W3CHttpResponseCodec.decode(W3CHttpResponseCodec.java:49)\n\tat org.openqa.selenium.remote.HttpCommandExecutor.execute(HttpCommandExecutor.java:158)\n\tat org.openqa.selenium.remote.service.DriverCommandExecutor.execute(DriverCommandExecutor.java:83)\n\tat org.openqa.selenium.remote.RemoteWebDriver.execute(RemoteWebDriver.java:552)\n\tat org.openqa.selenium.remote.RemoteWebDriver.findElement(RemoteWebDriver.java:323)\n\tat org.openqa.selenium.remote.RemoteWebDriver.findElementByXPath(RemoteWebDriver.java:428)\n\tat org.openqa.selenium.By$ByXPath.findElement(By.java:353)\n\tat org.openqa.selenium.remote.RemoteWebDriver.findElement(RemoteWebDriver.java:315)\n\tat pages.FlightsPage.enterContactDetails(FlightsPage.java:140)\n\tat steps.BookingSteps.iPopulateContactDetails(BookingSteps.java:117)\n\tat ✽.I populate Contact Details(file:///Users/milosvajagic/IdeaProjects/BookingFlight/src/test/java/features/Booking.feature:17)\n",
      "steps" : [ ],
      "attachments" : [ ],
      "parameters" : [ ],
      "hasContent" : true,
      "stepsCount" : 0,
      "attachmentsCount" : 0,
      "shouldDisplayMessage" : true
    } ],
    "attachments" : [ ],
    "parameters" : [ ],
    "hasContent" : true,
    "stepsCount" : 13,
    "attachmentsCount" : 0,
    "shouldDisplayMessage" : false
  },
  "afterStages" : [ {
    "name" : "steps.BookingSteps.tearDown()",
    "time" : {
      "start" : 1645907693793,
      "stop" : 1645907694947,
      "duration" : 1154
    },
    "status" : "passed",
    "steps" : [ ],
    "attachments" : [ {
      "uid" : "db50cb5985d87fda",
      "name" : "screenshot on end or fail",
      "source" : "db50cb5985d87fda.png",
      "type" : "image/png",
      "size" : 121571
    } ],
    "parameters" : [ ],
    "hasContent" : true,
    "stepsCount" : 0,
    "attachmentsCount" : 1,
    "shouldDisplayMessage" : false
  } ],
  "labels" : [ {
    "name" : "host",
    "value" : "Miloss-MacBook-Pro.local"
  }, {
    "name" : "thread",
    "value" : "4811@Miloss-MacBook-Pro.local.TestNG-PoolService-0(12)"
  }, {
    "name" : "feature",
    "value" : "BookingFlight"
  }, {
    "name" : "story",
    "value" : "Book a Flight row: \"1\""
  }, {
    "name" : "suite",
    "value" : "BookingFlight"
  }, {
    "name" : "testClass",
    "value" : "Book a Flight row: \"1\""
  }, {
    "name" : "framework",
    "value" : "cucumber4jvm"
  }, {
    "name" : "language",
    "value" : "java"
  }, {
    "name" : "gherkin_uri",
    "value" : "file:///Users/milosvajagic/IdeaProjects/BookingFlight/src/test/java/features/Booking.feature"
  }, {
    "name" : "package",
    "value" : "src.test.java.features.Booking_feature.BookingFlight"
  }, {
    "name" : "resultFormat",
    "value" : "allure2"
  } ],
  "parameters" : [ {
    "name" : "row",
    "value" : "1"
  } ],
  "links" : [ ],
  "hidden" : true,
  "retry" : true,
  "extra" : {
    "categories" : [ ],
    "tags" : [ ]
  },
  "source" : "894647e03e9a7b06.json",
  "parameterValues" : [ "1" ]
}